[deprecated] I18n.enforce_available_locales will default to true in the future. If you really want to skip validation of your locale you can set I18n.enforce_available_locales = false to avoid this message.
rake aborted!
Error connecting to Redis on localhost:6379 (ECONNREFUSED)
/home/muhammad/.rvm/gems/ruby-1.9.3-p547/gems/redis-3.0.6/lib/redis/client.rb:278:in `rescue in establish_connection'
/home/muhammad/.rvm/gems/ruby-1.9.3-p547/gems/redis-3.0.6/lib/redis/client.rb:273:in `establish_connection'
/home/muhammad/.rvm/gems/ruby-1.9.3-p547/gems/redis-3.0.6/lib/redis/client.rb:69:in `connect'
/home/muhammad/.rvm/gems/ruby-1.9.3-p547/gems/redis-3.0.6/lib/redis/client.rb:292:in `ensure_connected'
/home/muhammad/.rvm/gems/ruby-1.9.3-p547/gems/redis-3.0.6/lib/redis/client.rb:179:in `block in process'
/home/muhammad/.rvm/gems/ruby-1.9.3-p547/gems/redis-3.0.6/lib/redis/client.rb:258:in `logging'
/home/muhammad/.rvm/gems/ruby-1.9.3-p547/gems/redis-3.0.6/lib/redis/client.rb:178:in `process'
/home/muhammad/.rvm/gems/ruby-1.9.3-p547/gems/redis-3.0.6/lib/redis/client.rb:84:in `call'
/home/muhammad/.rvm/gems/ruby-1.9.3-p547/gems/redis-3.0.6/lib/redis.rb:783:in `block in get'
/home/muhammad/.rvm/gems/ruby-1.9.3-p547/gems/redis-3.0.6/lib/redis.rb:36:in `block in synchronize'
/home/muhammad/.rvm/gems/ruby-1.9.3-p547/gems/redis-3.0.6/lib/redis.rb:36:in `synchronize'
/home/muhammad/.rvm/gems/ruby-1.9.3-p547/gems/redis-3.0.6/lib/redis.rb:782:in `get'
/home/muhammad/.rvm/gems/ruby-1.9.3-p547/gems/redis-namespace-1.4.1/lib/redis/namespace.rb:352:in `method_missing'
/home/muhammad/.rvm/gems/ruby-1.9.3-p547/gems/resque-1.25.2/lib/resque/worker.rb:617:in `job'
/home/muhammad/.rvm/gems/ruby-1.9.3-p547/gems/resque-1.25.2/lib/resque/worker.rb:546:in `unregister_worker'
/home/muhammad/.rvm/gems/ruby-1.9.3-p547/gems/resque-1.25.2/lib/resque/worker.rb:215:in `rescue in work'
/home/muhammad/.rvm/gems/ruby-1.9.3-p547/gems/resque-1.25.2/lib/resque/worker.rb:162:in `work'
/home/muhammad/.rvm/gems/ruby-1.9.3-p547/gems/resque-1.25.2/lib/resque/tasks.rb:41:in `block (2 levels) in <top (required)>'
/home/muhammad/.rvm/gems/ruby-1.9.3-p547/bin/ruby_executable_hooks:15:in `eval'
/home/muhammad/.rvm/gems/ruby-1.9.3-p547/bin/ruby_executable_hooks:15:in `<main>'
Tasks: TOP => resque:work
(See full trace by running task with --trace)
[deprecated] I18n.enforce_available_locales will default to true in the future. If you really want to skip validation of your locale you can set I18n.enforce_available_locales = false to avoid this message.
rake aborted!
Error connecting to Redis on localhost:6379 (ECONNREFUSED)
/home/muhammad/.rvm/gems/ruby-1.9.3-p547/gems/redis-3.0.6/lib/redis/client.rb:278:in `rescue in establish_connection'
/home/muhammad/.rvm/gems/ruby-1.9.3-p547/gems/redis-3.0.6/lib/redis/client.rb:273:in `establish_connection'
/home/muhammad/.rvm/gems/ruby-1.9.3-p547/gems/redis-3.0.6/lib/redis/client.rb:69:in `connect'
/home/muhammad/.rvm/gems/ruby-1.9.3-p547/gems/redis-3.0.6/lib/redis/client.rb:292:in `ensure_connected'
/home/muhammad/.rvm/gems/ruby-1.9.3-p547/gems/redis-3.0.6/lib/redis/client.rb:179:in `block in process'
/home/muhammad/.rvm/gems/ruby-1.9.3-p547/gems/redis-3.0.6/lib/redis/client.rb:258:in `logging'
/home/muhammad/.rvm/gems/ruby-1.9.3-p547/gems/redis-3.0.6/lib/redis/client.rb:178:in `process'
/home/muhammad/.rvm/gems/ruby-1.9.3-p547/gems/redis-3.0.6/lib/redis/client.rb:84:in `call'
/home/muhammad/.rvm/gems/ruby-1.9.3-p547/gems/redis-3.0.6/lib/redis.rb:783:in `block in get'
/home/muhammad/.rvm/gems/ruby-1.9.3-p547/gems/redis-3.0.6/lib/redis.rb:36:in `block in synchronize'
/home/muhammad/.rvm/gems/ruby-1.9.3-p547/gems/redis-3.0.6/lib/redis.rb:36:in `synchronize'
/home/muhammad/.rvm/gems/ruby-1.9.3-p547/gems/redis-3.0.6/lib/redis.rb:782:in `get'
/home/muhammad/.rvm/gems/ruby-1.9.3-p547/gems/redis-namespace-1.4.1/lib/redis/namespace.rb:352:in `method_missing'
/home/muhammad/.rvm/gems/ruby-1.9.3-p547/gems/resque-1.25.2/lib/resque/worker.rb:617:in `job'
/home/muhammad/.rvm/gems/ruby-1.9.3-p547/gems/resque-1.25.2/lib/resque/worker.rb:546:in `unregister_worker'
/home/muhammad/.rvm/gems/ruby-1.9.3-p547/gems/resque-1.25.2/lib/resque/worker.rb:215:in `rescue in work'
/home/muhammad/.rvm/gems/ruby-1.9.3-p547/gems/resque-1.25.2/lib/resque/worker.rb:162:in `work'
/home/muhammad/.rvm/gems/ruby-1.9.3-p547/gems/resque-1.25.2/lib/resque/tasks.rb:41:in `block (2 levels) in <top (required)>'
/home/muhammad/.rvm/gems/ruby-1.9.3-p547/bin/ruby_executable_hooks:15:in `eval'
/home/muhammad/.rvm/gems/ruby-1.9.3-p547/bin/ruby_executable_hooks:15:in `<main>'
Tasks: TOP => resque:work
(See full trace by running task with --trace)
[deprecated] I18n.enforce_available_locales will default to true in the future. If you really want to skip validation of your locale you can set I18n.enforce_available_locales = false to avoid this message.
